{"uid":"b35937a1029619f8","name":"testRegister","fullName":"testcases.TestRegisterAndLogInPage.testRegister","historyId":"ccf535dfd59db905cea35444a12d47ab","time":{"start":1698655740014,"stop":1698655876061,"duration":136047},"status":"broken","statusMessage":"Expected condition failed: waiting for presence of element located by: By.xpath: //div[@id='template-wrapper']//p[2] (tried for 10 second(s) with 500 milliseconds interval)","statusTrace":"org.openqa.selenium.TimeoutException: Expected condition failed: waiting for presence of element located by: By.xpath: //div[@id='template-wrapper']//p[2] (tried for 10 second(s) with 500 milliseconds interval)\r\n\tat org.openqa.selenium.support.ui.WebDriverWait.timeoutException(WebDriverWait.java:84)\r\n\tat org.openqa.selenium.support.ui.FluentWait.until(FluentWait.java:230)\r\n\tat pages.BasePage.waitForElementPresence(BasePage.java:50)\r\n\tat pages.BasePage.getElement(BasePage.java:23)\r\n\tat pages.BasePage.getElementText(BasePage.java:37)\r\n\tat testcases.TestRegisterAndLogInPage.testRegister(TestRegisterAndLogInPage.java:28)\r\n\tat java.base/jdk.internal.reflect.DirectMethodHandleAccessor.invoke(DirectMethodHandleAccessor.java:104)\r\n\tat java.base/java.lang.reflect.Method.invoke(Method.java:578)\r\n\tat org.testng.internal.invokers.MethodInvocationHelper.invokeMethod(MethodInvocationHelper.java:139)\r\n\tat org.testng.internal.invokers.TestInvoker.invokeMethod(TestInvoker.java:664)\r\n\tat org.testng.internal.invokers.TestInvoker.invokeTestMethod(TestInvoker.java:227)\r\n\tat org.testng.internal.invokers.MethodRunner.runInSequence(MethodRunner.java:50)\r\n\tat org.testng.internal.invokers.TestInvoker$MethodInvocationAgent.invoke(TestInvoker.java:957)\r\n\tat org.testng.internal.invokers.TestInvoker.invokeTestMethods(TestInvoker.java:200)\r\n\tat org.testng.internal.invokers.TestMethodWorker.invokeTestMethods(TestMethodWorker.java:148)\r\n\tat org.testng.internal.invokers.TestMethodWorker.run(TestMethodWorker.java:128)\r\n\tat java.base/java.util.concurrent.ThreadPoolExecutor.runWorker(ThreadPoolExecutor.java:1144)\r\n\tat java.base/java.util.concurrent.ThreadPoolExecutor$Worker.run(ThreadPoolExecutor.java:642)\r\n\tat java.base/java.lang.Thread.run(Thread.java:1623)\r\nCaused by: org.openqa.selenium.NoSuchElementException: no such element: Unable to locate element: {\"method\":\"xpath\",\"selector\":\"//div[@id='template-wrapper']//p[2]\"}\n  (Session info: chrome=118.0.5993.118)\nFor documentation on this error, please visit: https://www.selenium.dev/documentation/webdriver/troubleshooting/errors#no-such-element-exception\nBuild info: version: '4.12.1', revision: '8e34639b11'\nSystem info: os.name: 'Windows 11', os.arch: 'amd64', os.version: '10.0', java.version: '20.0.2'\nDriver info: org.openqa.selenium.chrome.ChromeDriver\nCommand: [ff90a41adf67bc84c6e49ab70e92e98a, findElement {using=xpath, value=//div[@id='template-wrapper']//p[2]}]\nCapabilities {acceptInsecureCerts: false, browserName: chrome, browserVersion: 118.0.5993.118, chrome: {chromedriverVersion: 118.0.5993.70 (e52f33f30b91..., userDataDir: C:\\Users\\DCL\\AppData\\Local\\...}, fedcm:accounts: true, goog:chromeOptions: {debuggerAddress: localhost:10271}, networkConnectionEnabled: false, pageLoadStrategy: normal, platformName: windows, proxy: Proxy(), se:cdp: ws://localhost:10271/devtoo..., se:cdpVersion: 118.0.5993.118, setWindowRect: true, strictFileInteractability: false, timeouts: {implicit: 0, pageLoad: 300000, script: 30000}, unhandledPromptBehavior: dismiss and notify, webauthn:extension:credBlob: true, webauthn:extension:largeBlob: true, webauthn:extension:minPinLength: true, webauthn:extension:prf: true, webauthn:virtualAuthenticators: true}\nSession ID: ff90a41adf67bc84c6e49ab70e92e98a\r\n\tat java.base/jdk.internal.reflect.DirectConstructorHandleAccessor.newInstance(DirectConstructorHandleAccessor.java:67)\r\n\tat java.base/java.lang.reflect.Constructor.newInstanceWithCaller(Constructor.java:500)\r\n\tat java.base/java.lang.reflect.Constructor.newInstance(Constructor.java:484)\r\n\tat org.openqa.selenium.remote.codec.w3c.W3CHttpResponseCodec.createException(W3CHttpResponseCodec.java:200)\r\n\tat org.openqa.selenium.remote.codec.w3c.W3CHttpResponseCodec.decode(W3CHttpResponseCodec.java:133)\r\n\tat org.openqa.selenium.remote.codec.w3c.W3CHttpResponseCodec.decode(W3CHttpResponseCodec.java:52)\r\n\tat org.openqa.selenium.remote.HttpCommandExecutor.execute(HttpCommandExecutor.java:191)\r\n\tat org.openqa.selenium.remote.service.DriverCommandExecutor.invokeExecute(DriverCommandExecutor.java:196)\r\n\tat org.openqa.selenium.remote.service.DriverCommandExecutor.execute(DriverCommandExecutor.java:171)\r\n\tat org.openqa.selenium.remote.RemoteWebDriver.execute(RemoteWebDriver.java:602)\r\n\tat org.openqa.selenium.remote.ElementLocation$ElementFinder$2.findElement(ElementLocation.java:165)\r\n\tat org.openqa.selenium.remote.ElementLocation.findElement(ElementLocation.java:59)\r\n\tat org.openqa.selenium.remote.RemoteWebDriver.findElement(RemoteWebDriver.java:359)\r\n\tat org.openqa.selenium.remote.RemoteWebDriver.findElement(RemoteWebDriver.java:353)\r\n\tat org.openqa.selenium.support.ui.ExpectedConditions$6.apply(ExpectedConditions.java:171)\r\n\tat org.openqa.selenium.support.ui.ExpectedConditions$6.apply(ExpectedConditions.java:168)\r\n\tat org.openqa.selenium.support.ui.FluentWait.until(FluentWait.java:205)\r\n\t... 17 more\r\n","flaky":false,"newFailed":false,"newBroken":false,"newPassed":false,"retriesCount":14,"retriesStatusChange":true,"beforeStages":[{"name":"setBrowser","time":{"start":1698655701854,"stop":1698655709041,"duration":7187},"description":"","status":"passed","steps":[],"attachments":[],"parameters":[],"attachmentsCount":0,"shouldDisplayMessage":false,"attachmentStep":false,"hasContent":false,"stepsCount":0},{"name":"navigateToLogInPage","time":{"start":1698655709045,"stop":1698655739951,"duration":30906},"description":"","status":"passed","steps":[],"attachments":[],"parameters":[],"attachmentsCount":0,"shouldDisplayMessage":false,"attachmentStep":false,"hasContent":false,"stepsCount":0}],"testStage":{"status":"broken","statusMessage":"Expected condition failed: waiting for presence of element located by: By.xpath: //div[@id='template-wrapper']//p[2] (tried for 10 second(s) with 500 milliseconds interval)","statusTrace":"org.openqa.selenium.TimeoutException: Expected condition failed: waiting for presence of element located by: By.xpath: //div[@id='template-wrapper']//p[2] (tried for 10 second(s) with 500 milliseconds interval)\r\n\tat org.openqa.selenium.support.ui.WebDriverWait.timeoutException(WebDriverWait.java:84)\r\n\tat org.openqa.selenium.support.ui.FluentWait.until(FluentWait.java:230)\r\n\tat pages.BasePage.waitForElementPresence(BasePage.java:50)\r\n\tat pages.BasePage.getElement(BasePage.java:23)\r\n\tat pages.BasePage.getElementText(BasePage.java:37)\r\n\tat testcases.TestRegisterAndLogInPage.testRegister(TestRegisterAndLogInPage.java:28)\r\n\tat java.base/jdk.internal.reflect.DirectMethodHandleAccessor.invoke(DirectMethodHandleAccessor.java:104)\r\n\tat java.base/java.lang.reflect.Method.invoke(Method.java:578)\r\n\tat org.testng.internal.invokers.MethodInvocationHelper.invokeMethod(MethodInvocationHelper.java:139)\r\n\tat org.testng.internal.invokers.TestInvoker.invokeMethod(TestInvoker.java:664)\r\n\tat org.testng.internal.invokers.TestInvoker.invokeTestMethod(TestInvoker.java:227)\r\n\tat org.testng.internal.invokers.MethodRunner.runInSequence(MethodRunner.java:50)\r\n\tat org.testng.internal.invokers.TestInvoker$MethodInvocationAgent.invoke(TestInvoker.java:957)\r\n\tat org.testng.internal.invokers.TestInvoker.invokeTestMethods(TestInvoker.java:200)\r\n\tat org.testng.internal.invokers.TestMethodWorker.invokeTestMethods(TestMethodWorker.java:148)\r\n\tat org.testng.internal.invokers.TestMethodWorker.run(TestMethodWorker.java:128)\r\n\tat java.base/java.util.concurrent.ThreadPoolExecutor.runWorker(ThreadPoolExecutor.java:1144)\r\n\tat java.base/java.util.concurrent.ThreadPoolExecutor$Worker.run(ThreadPoolExecutor.java:642)\r\n\tat java.base/java.lang.Thread.run(Thread.java:1623)\r\nCaused by: org.openqa.selenium.NoSuchElementException: no such element: Unable to locate element: {\"method\":\"xpath\",\"selector\":\"//div[@id='template-wrapper']//p[2]\"}\n  (Session info: chrome=118.0.5993.118)\nFor documentation on this error, please visit: https://www.selenium.dev/documentation/webdriver/troubleshooting/errors#no-such-element-exception\nBuild info: version: '4.12.1', revision: '8e34639b11'\nSystem info: os.name: 'Windows 11', os.arch: 'amd64', os.version: '10.0', java.version: '20.0.2'\nDriver info: org.openqa.selenium.chrome.ChromeDriver\nCommand: [ff90a41adf67bc84c6e49ab70e92e98a, findElement {using=xpath, value=//div[@id='template-wrapper']//p[2]}]\nCapabilities {acceptInsecureCerts: false, browserName: chrome, browserVersion: 118.0.5993.118, chrome: {chromedriverVersion: 118.0.5993.70 (e52f33f30b91..., userDataDir: C:\\Users\\DCL\\AppData\\Local\\...}, fedcm:accounts: true, goog:chromeOptions: {debuggerAddress: localhost:10271}, networkConnectionEnabled: false, pageLoadStrategy: normal, platformName: windows, proxy: Proxy(), se:cdp: ws://localhost:10271/devtoo..., se:cdpVersion: 118.0.5993.118, setWindowRect: true, strictFileInteractability: false, timeouts: {implicit: 0, pageLoad: 300000, script: 30000}, unhandledPromptBehavior: dismiss and notify, webauthn:extension:credBlob: true, webauthn:extension:largeBlob: true, webauthn:extension:minPinLength: true, webauthn:extension:prf: true, webauthn:virtualAuthenticators: true}\nSession ID: ff90a41adf67bc84c6e49ab70e92e98a\r\n\tat java.base/jdk.internal.reflect.DirectConstructorHandleAccessor.newInstance(DirectConstructorHandleAccessor.java:67)\r\n\tat java.base/java.lang.reflect.Constructor.newInstanceWithCaller(Constructor.java:500)\r\n\tat java.base/java.lang.reflect.Constructor.newInstance(Constructor.java:484)\r\n\tat org.openqa.selenium.remote.codec.w3c.W3CHttpResponseCodec.createException(W3CHttpResponseCodec.java:200)\r\n\tat org.openqa.selenium.remote.codec.w3c.W3CHttpResponseCodec.decode(W3CHttpResponseCodec.java:133)\r\n\tat org.openqa.selenium.remote.codec.w3c.W3CHttpResponseCodec.decode(W3CHttpResponseCodec.java:52)\r\n\tat org.openqa.selenium.remote.HttpCommandExecutor.execute(HttpCommandExecutor.java:191)\r\n\tat org.openqa.selenium.remote.service.DriverCommandExecutor.invokeExecute(DriverCommandExecutor.java:196)\r\n\tat org.openqa.selenium.remote.service.DriverCommandExecutor.execute(DriverCommandExecutor.java:171)\r\n\tat org.openqa.selenium.remote.RemoteWebDriver.execute(RemoteWebDriver.java:602)\r\n\tat org.openqa.selenium.remote.ElementLocation$ElementFinder$2.findElement(ElementLocation.java:165)\r\n\tat org.openqa.selenium.remote.ElementLocation.findElement(ElementLocation.java:59)\r\n\tat org.openqa.selenium.remote.RemoteWebDriver.findElement(RemoteWebDriver.java:359)\r\n\tat org.openqa.selenium.remote.RemoteWebDriver.findElement(RemoteWebDriver.java:353)\r\n\tat org.openqa.selenium.support.ui.ExpectedConditions$6.apply(ExpectedConditions.java:171)\r\n\tat org.openqa.selenium.support.ui.ExpectedConditions$6.apply(ExpectedConditions.java:168)\r\n\tat org.openqa.selenium.support.ui.FluentWait.until(FluentWait.java:205)\r\n\t... 17 more\r\n","steps":[],"attachments":[{"uid":"e7fab068f1db3207","name":"After Complete the registration successfully","source":"e7fab068f1db3207.png","type":"image/png","size":45169}],"parameters":[],"attachmentsCount":1,"shouldDisplayMessage":true,"attachmentStep":false,"hasContent":true,"stepsCount":0},"afterStages":[{"name":"quitBrowser","time":{"start":1698655876105,"stop":1698655876457,"duration":352},"description":"","status":"passed","steps":[],"attachments":[],"parameters":[],"attachmentsCount":0,"shouldDisplayMessage":false,"attachmentStep":false,"hasContent":false,"stepsCount":0}],"labels":[{"name":"package","value":"testcases.TestRegisterAndLogInPage"},{"name":"testClass","value":"testcases.TestRegisterAndLogInPage"},{"name":"testMethod","value":"testRegister"},{"name":"parentSuite","value":"Suite"},{"name":"suite","value":"test"},{"name":"subSuite","value":"testcases.TestRegisterAndLogInPage"},{"name":"host","value":"DESKTOP-9P30N8Q"},{"name":"thread","value":"10696@DESKTOP-9P30N8Q.TestNG-test=test-2(29)"},{"name":"framework","value":"testng"},{"name":"language","value":"java"},{"name":"resultFormat","value":"allure2"}],"parameters":[],"links":[],"hidden":false,"retry":false,"extra":{"severity":"normal","retries":[{"uid":"e0dce4346d385c2b","status":"skipped","statusDetails":"Cannot invoke \"org.openqa.selenium.WebDriver.get(String)\" because the return value of \"testcases.TestRegisterAndLogInPage.getDriver()\" is null","time":{"start":1698655578028,"stop":1698655578046,"duration":18}},{"uid":"2a08ee04da4cc26c","status":"skipped","statusDetails":"Cannot invoke \"org.openqa.selenium.WebDriver.get(String)\" because the return value of \"testcases.TestRegisterAndLogInPage.getDriver()\" is null","time":{"start":1698655516417,"stop":1698655516418,"duration":1}},{"uid":"bd35628afb6f0105","status":"skipped","statusDetails":"Cannot invoke \"org.openqa.selenium.WebDriver.get(String)\" because the return value of \"testcases.TestRegisterAndLogInPage.getDriver()\" is null","time":{"start":1698655455308,"stop":1698655455310,"duration":2}},{"uid":"fb510ea340ca73a9","status":"skipped","statusDetails":"Cannot invoke \"org.openqa.selenium.WebDriver.get(String)\" because the return value of \"testcases.TestRegisterAndLogInPage.getDriver()\" is null","time":{"start":1698655165804,"stop":1698655165804,"duration":0}},{"uid":"1c3ca7407dc549cc","status":"skipped","statusDetails":"no such window: target window already closed\nfrom unknown error: web view not found\n  (Session info: chrome=118.0.5993.118)\nBuild info: version: '4.12.1', revision: '8e34639b11'\nSystem info: os.name: 'Windows 11', os.arch: 'amd64', os.version: '10.0', java.version: '20.0.2'\nDriver info: org.openqa.selenium.chrome.ChromeDriver\nCommand: [6b863b96d4e60133dda1161074c5c237, get {url=https://www.wafilife.com/my-account/}]\nCapabilities {acceptInsecureCerts: false, browserName: chrome, browserVersion: 118.0.5993.118, chrome: {chromedriverVersion: 118.0.5993.70 (e52f33f30b91..., userDataDir: C:\\Users\\DCL\\AppData\\Local\\...}, fedcm:accounts: true, goog:chromeOptions: {debuggerAddress: localhost:10049}, networkConnectionEnabled: false, pageLoadStrategy: normal, platformName: windows, proxy: Proxy(), se:cdp: ws://localhost:10049/devtoo..., se:cdpVersion: 118.0.5993.118, setWindowRect: true, strictFileInteractability: false, timeouts: {implicit: 0, pageLoad: 300000, script: 30000}, unhandledPromptBehavior: dismiss and notify, webauthn:extension:credBlob: true, webauthn:extension:largeBlob: true, webauthn:extension:minPinLength: true, webauthn:extension:prf: true, webauthn:virtualAuthenticators: true}\nSession ID: 6b863b96d4e60133dda1161074c5c237","time":{"start":1698655134114,"stop":1698655134129,"duration":15}},{"uid":"3009543b9a996f13","status":"skipped","statusDetails":"Cannot invoke \"org.openqa.selenium.WebDriver.get(String)\" because the return value of \"testcases.TestRegisterAndLogInPage.getDriver()\" is null","time":{"start":1698654988973,"stop":1698654988973,"duration":0}},{"uid":"856e582c34a13bae","status":"skipped","statusDetails":"Cannot invoke \"org.openqa.selenium.WebDriver.get(String)\" because the return value of \"testcases.TestRegisterAndLogInPage.getDriver()\" is null","time":{"start":1698654811009,"stop":1698654811010,"duration":1}},{"uid":"3a87515f127f25f1","status":"passed","time":{"start":1698654551115,"stop":1698654580093,"duration":28978}},{"uid":"c570abfe89c0d11f","status":"passed","time":{"start":1698513914284,"stop":1698513933254,"duration":18970}},{"uid":"f6356df720c30225","status":"passed","time":{"start":1698344076455,"stop":1698344121161,"duration":44706}},{"uid":"120c8563397ec1fb","status":"passed","time":{"start":1698343257280,"stop":1698343343548,"duration":86268}},{"uid":"d8b9f07d448997a5","status":"failed","statusDetails":"expected [আসসালামু আলাইকুম] but found [আসসালামু আলাইকুম pfnkt50 (যদি আপনি pfnkt50 না হয়ে থাকেন তাহলে লগ অউট করুন)]","time":{"start":1698342848800,"stop":1698342868191,"duration":19391}},{"uid":"afaf7d40f35777e1","status":"failed","statusDetails":"expected [আসসালামু আলাইকুম] but found [ইউজার নাম অথবা ইমেইল *]","time":{"start":1698342758715,"stop":1698342773456,"duration":14741}},{"uid":"362e849f54d2735c","status":"passed","time":{"start":1698341982379,"stop":1698341996699,"duration":14320}}],"categories":[{"name":"Test defects","matchedStatuses":[],"flaky":false}],"tags":[]},"source":"b35937a1029619f8.json","parameterValues":[]}